** ComfyUI startup time: 2024-03-06 07:38:03.879739
[2024-03-06 07:38] ** Platform: Linux
[2024-03-06 07:38] ** Python version: 3.10.12 (main, Jun  7 2023, 19:32:10) [GCC 10.2.1 20210110]
[2024-03-06 07:38] ** Python executable: /workspaces/ComfyUI/.venv/bin/python
[2024-03-06 07:38] ** Log path: /workspaces/ComfyUI/comfyui.log
[2024-03-06 07:38] 
Prestartup times for custom nodes:
[2024-03-06 07:38]    0.0 seconds: /workspaces/ComfyUI/custom_nodes/rgthree-comfy
[2024-03-06 07:38]    0.3 seconds: /workspaces/ComfyUI/custom_nodes/ComfyUI-Manager
[2024-03-06 07:38] 
[2024-03-06 07:38] Total VRAM 14910 MB, total RAM 60391 MB
[2024-03-06 07:38] Set vram state to: NORMAL_VRAM
[2024-03-06 07:38] Device: cuda:0 Tesla T4 : cudaMallocAsync
[2024-03-06 07:38] VAE dtype: torch.float32
[2024-03-06 07:38] Using pytorch cross attention
[2024-03-06 07:39] ### Loading: ComfyUI-Impact-Pack (V4.72.1)
[2024-03-06 07:39] ### Loading: ComfyUI-Impact-Pack (Subpack: V0.4)
[2024-03-06 07:39] [Impact Pack] Wildcards loading done.
[2024-03-06 07:39] [94m[Allor][0m: No new updates.
[2024-03-06 07:39] [92m[Allor][0m: 0 nodes were overridden.
[2024-03-06 07:39] [92m[Allor][0m: 12 modules were enabled.
[2024-03-06 07:39] [92m[Allor][0m: 98 nodes were loaded.
[2024-03-06 07:39] ------------------------------------------
[2024-03-06 07:39] [34mComfyroll Studio v1.76 : [92m 175 Nodes Loaded[0m
[2024-03-06 07:39] ------------------------------------------
[2024-03-06 07:39] ** For changes, please see patch notes at https://github.com/Suzie1/ComfyUI_Comfyroll_CustomNodes/blob/main/Patch_Notes.md
[2024-03-06 07:39] ** For help, please see the wiki at https://github.com/Suzie1/ComfyUI_Comfyroll_CustomNodes/wiki
[2024-03-06 07:39] ------------------------------------------
[2024-03-06 07:39] 
[2024-03-06 07:39] [92m[rgthree] Loaded 33 fantastic nodes.[0m
[2024-03-06 07:39] [92m[rgthree] Will use rgthree's optimized recursive execution.[0m
[2024-03-06 07:39] 
[2024-03-06 07:39] ### Loading: ComfyUI-Manager (V2.7)
[2024-03-06 07:39] ### ComfyUI Revision: 1951 [d0e2354c] | Released on '2024-02-02'
[2024-03-06 07:39] [ComfyUI-Manager] default cache updated: https://raw.githubusercontent.com/ltdrdata/ComfyUI-Manager/main/alter-list.json
[2024-03-06 07:39] [ComfyUI-Manager] default cache updated: https://raw.githubusercontent.com/ltdrdata/ComfyUI-Manager/main/custom-node-list.json
[2024-03-06 07:39] [ComfyUI-Manager] default cache updated: https://raw.githubusercontent.com/ltdrdata/ComfyUI-Manager/main/extension-node-map.json
[2024-03-06 07:39] [ComfyUI-Manager] default cache updated: https://raw.githubusercontent.com/ltdrdata/ComfyUI-Manager/main/model-list.json
[2024-03-06 07:39] [0m[1;34m[SD Prompt Reader] [36mNode version: 1.3.0[0m
[2024-03-06 07:39] [0m[1;34m[SD Prompt Reader] [36mCore version: 1.3.4.post1[0m
[2024-03-06 07:39] Total VRAM 14910 MB, total RAM 60391 MB
[2024-03-06 07:39] Set vram state to: NORMAL_VRAM
[2024-03-06 07:39] Device: cuda:0 Tesla T4 : cudaMallocAsync
[2024-03-06 07:39] VAE dtype: torch.float32
[2024-03-06 07:39] [34mWAS Node Suite: [0mOpenCV Python FFMPEG support is enabled[0m
[2024-03-06 07:39] [34mWAS Node Suite [93mWarning: [0m`ffmpeg_bin_path` is not set in `/workspaces/ComfyUI/custom_nodes/was-node-suite-comfyui/was_suite_config.json` config file. Will attempt to use system ffmpeg binaries if available.[0m
[2024-03-06 07:39] [34mWAS Node Suite: [0mFinished.[0m [32mLoaded[0m [0m211[0m [32mnodes successfully.[0m
[2024-03-06 07:39] 
	[3m[93m"Art is the voice of the soul, expressing what words cannot."[0m[3m - Unknown[0m
[2024-03-06 07:39] 
[2024-03-06 07:39] /workspaces/ComfyUI/custom_nodes/failfast-comfyui-extensions/extensions
[2024-03-06 07:39] /workspaces/ComfyUI/web/extensions/failfast-comfyui-extensions
[36;20m[comfyui_controlnet_aux] | INFO -> Using ckpts path: /workspaces/ComfyUI/custom_nodes/comfyui_controlnet_aux/ckpts[0m
[2024-03-06 07:39] [36;20m[comfyui_controlnet_aux] | INFO -> Using symlinks: False[0m
[2024-03-06 07:39] [36;20m[comfyui_controlnet_aux] | INFO -> Using ort providers: ['CUDAExecutionProvider', 'DirectMLExecutionProvider', 'OpenVINOExecutionProvider', 'ROCMExecutionProvider', 'CPUExecutionProvider', 'CoreMLExecutionProvider'][0m
[2024-03-06 07:39] /workspaces/ComfyUI/custom_nodes/comfyui_controlnet_aux/node_wrappers/dwpose.py:26: UserWarning: DWPose: Onnxruntime not found or doesn't come with acceleration providers, switch to OpenCV with CPU device. DWPose might run very slowly
  warnings.warn("DWPose: Onnxruntime not found or doesn't come with acceleration providers, switch to OpenCV with CPU device. DWPose might run very slowly")
[2024-03-06 07:39] [92m[tinyterraNodes] [32mLoaded[0m
[2024-03-06 07:39] ### Loading: ComfyUI-Maro-Pack (V0.1)
[2024-03-06 07:39] Loaded: <module 'comfyui_maro_pack.src.nodes.simple_custom_node' from '/workspaces/ComfyUI/custom_nodes/comfyui_maro_pack/src/nodes/simple_custom_node.py'>
[2024-03-06 07:39] Loaded: <module 'comfyui_maro_pack.src.nodes.load_image_otto_id' from '/workspaces/ComfyUI/custom_nodes/comfyui_maro_pack/src/nodes/load_image_otto_id.py'>
[2024-03-06 07:39] ### Loading: ComfyUI-Maro-Pack (V0.1)
[2024-03-06 07:39] Loaded: <module 'custom_nodes.comfyui_maro_pack.src.nodes.simple_custom_node' from '/workspaces/ComfyUI/custom_nodes/comfyui_maro_pack/src/nodes/simple_custom_node.py'>
[2024-03-06 07:39] Loaded: <module 'custom_nodes.comfyui_maro_pack.src.nodes.load_image_otto_id' from '/workspaces/ComfyUI/custom_nodes/comfyui_maro_pack/src/nodes/load_image_otto_id.py'>
[2024-03-06 07:39] Loaded: <module 'custom_nodes.comfyui_maro_pack.src.nodes.beit_image_processor' from '/workspaces/ComfyUI/custom_nodes/comfyui_maro_pack/src/nodes/beit_image_processor.py'>
[2024-03-06 07:39] Loaded: <module 'custom_nodes.comfyui_maro_pack.src.nodes.vector_distance_processor' from '/workspaces/ComfyUI/custom_nodes/comfyui_maro_pack/src/nodes/vector_distance_processor.py'>
[2024-03-06 07:39] Loaded: <module 'custom_nodes.comfyui_maro_pack.src.nodes.argmin_processor' from '/workspaces/ComfyUI/custom_nodes/comfyui_maro_pack/src/nodes/argmin_processor.py'>
[2024-03-06 07:39] Loaded: <module 'comfyui_maro_pack.src.nodes.beit_image_processor' from '/workspaces/ComfyUI/custom_nodes/comfyui_maro_pack/src/nodes/beit_image_processor.py'>
[2024-03-06 07:39] Loaded: <module 'comfyui_maro_pack.src.nodes.vector_distance_processor' from '/workspaces/ComfyUI/custom_nodes/comfyui_maro_pack/src/nodes/vector_distance_processor.py'>
[2024-03-06 07:39] Loaded: <module 'comfyui_maro_pack.src.nodes.argmin_processor' from '/workspaces/ComfyUI/custom_nodes/comfyui_maro_pack/src/nodes/argmin_processor.py'>
[2024-03-06 07:39] ### Loading: ComfyUI-Inspire-Pack (V0.61.5)
[2024-03-06 07:39] [34mOpenPose Editor: [92mLoaded[0m
[2024-03-06 07:39] [36mEfficiency Nodes:[0m Attempting to add Control Net options to the 'HiRes-Fix Script' Node (comfyui_controlnet_aux add-on)...[92mSuccess![0m
[2024-03-06 07:39] Failed to auto update `Quality of Life Suit` 
[2024-03-06 07:39] [33mQualityOfLifeSuit_Omar92_DIR:[0m /workspaces/ComfyUI/custom_nodes/ComfyUI-QualityOfLifeSuit_Omar92
[2024-03-06 07:39] [0;33m[ReActor][0m - [38;5;173mSTATUS[0m - [0;32mRunning v0.4.1-b8 in ComfyUI[0m
[2024-03-06 07:39] Traceback (most recent call last):
  File "/workspaces/ComfyUI/nodes.py", line 1893, in load_custom_node
    module_spec.loader.exec_module(module)
  File "<frozen importlib._bootstrap_external>", line 883, in exec_module
  File "<frozen importlib._bootstrap>", line 241, in _call_with_frames_removed
  File "/workspaces/ComfyUI/custom_nodes/comfyui-reactor-node/__init__.py", line 22, in <module>
    from .nodes import NODE_CLASS_MAPPINGS, NODE_DISPLAY_NAME_MAPPINGS
  File "/workspaces/ComfyUI/custom_nodes/comfyui-reactor-node/nodes.py", line 15, in <module>
    from scripts.reactor_faceswap import FaceSwapScript, get_models, get_current_faces_model, analyze_faces
  File "/workspaces/ComfyUI/custom_nodes/comfyui-reactor-node/scripts/reactor_faceswap.py", line 12, in <module>
    from scripts.reactor_logger import logger
  File "/workspaces/ComfyUI/custom_nodes/comfyui-reactor-node/scripts/reactor_logger.py", line 6, in <module>
    from reactor_utils import addLoggingLevel
  File "/workspaces/ComfyUI/custom_nodes/comfyui-reactor-node/reactor_utils.py", line 8, in <module>
    from insightface.app.common import Face
ModuleNotFoundError: No module named 'insightface'
[2024-03-06 07:39] 
[2024-03-06 07:39] Cannot import /workspaces/ComfyUI/custom_nodes/comfyui-reactor-node module for custom nodes: No module named 'insightface'
[2024-03-06 07:39] Traceback (most recent call last):
  File "/workspaces/ComfyUI/nodes.py", line 1893, in load_custom_node
    module_spec.loader.exec_module(module)
  File "<frozen importlib._bootstrap_external>", line 879, in exec_module
  File "<frozen importlib._bootstrap_external>", line 1016, in get_code
  File "<frozen importlib._bootstrap_external>", line 1073, in get_data
FileNotFoundError: [Errno 2] No such file or directory: '/workspaces/ComfyUI/custom_nodes/IPAdapter-ComfyUI/__init__.py'
[2024-03-06 07:39] 
[2024-03-06 07:39] Cannot import /workspaces/ComfyUI/custom_nodes/IPAdapter-ComfyUI module for custom nodes: [Errno 2] No such file or directory: '/workspaces/ComfyUI/custom_nodes/IPAdapter-ComfyUI/__init__.py'
[2024-03-06 07:39] /workspaces/ComfyUI/custom_nodes/NodeGPT/AutoUpdate.json
[2024-03-06 07:39] Traceback (most recent call last):
  File "/workspaces/ComfyUI/custom_nodes/NodeGPT/API_Nodes/llama-cpp.py", line 9, in <module>
    from llama_cpp import Llama
ModuleNotFoundError: No module named 'llama_cpp'

During handling of the above exception, another exception occurred:

Traceback (most recent call last):
  File "/workspaces/ComfyUI/nodes.py", line 1893, in load_custom_node
    module_spec.loader.exec_module(module)
  File "<frozen importlib._bootstrap_external>", line 883, in exec_module
  File "<frozen importlib._bootstrap>", line 241, in _call_with_frames_removed
  File "/workspaces/ComfyUI/custom_nodes/NodeGPT/__init__.py", line 127, in <module>
    imported_module = importlib.import_module(".{}".format(module_name), __name__)
  File "/usr/local/lib/python3.10/importlib/__init__.py", line 126, in import_module
    return _bootstrap._gcd_import(name[level:], package, level)
  File "<frozen importlib._bootstrap>", line 1050, in _gcd_import
  File "<frozen importlib._bootstrap>", line 1027, in _find_and_load
  File "<frozen importlib._bootstrap>", line 1006, in _find_and_load_unlocked
  File "<frozen importlib._bootstrap>", line 688, in _load_unlocked
  File "<frozen importlib._bootstrap_external>", line 883, in exec_module
  File "<frozen importlib._bootstrap>", line 241, in _call_with_frames_removed
  File "/workspaces/ComfyUI/custom_nodes/NodeGPT/API_Nodes/llama-cpp.py", line 21, in <module>
    from llama_cpp import Llama
ModuleNotFoundError: No module named 'llama_cpp'
[2024-03-06 07:39] 
[2024-03-06 07:39] Cannot import /workspaces/ComfyUI/custom_nodes/NodeGPT module for custom nodes: No module named 'llama_cpp'
[2024-03-06 07:39] 
Import times for custom nodes:
[2024-03-06 07:39]    0.0 seconds (IMPORT FAILED): /workspaces/ComfyUI/custom_nodes/IPAdapter-ComfyUI
[2024-03-06 07:39]    0.0 seconds: /workspaces/ComfyUI/custom_nodes/cg_custom_core
[2024-03-06 07:39]    0.0 seconds: /workspaces/ComfyUI/custom_nodes/ComfyUI-post-processing-nodes
[2024-03-06 07:39]    0.0 seconds: /workspaces/ComfyUI/custom_nodes/cg-image-picker
[2024-03-06 07:39]    0.0 seconds: /workspaces/ComfyUI/custom_nodes/ComfyUI-QualityOfLifeSuit_Omar92
[2024-03-06 07:39]    0.0 seconds (IMPORT FAILED): /workspaces/ComfyUI/custom_nodes/comfyui-reactor-node
[2024-03-06 07:39]    0.0 seconds: /workspaces/ComfyUI/custom_nodes/ComfyUI-Custom-Scripts
[2024-03-06 07:39]    0.0 seconds: /workspaces/ComfyUI/custom_nodes/ComfyUI_UltimateSDUpscale
[2024-03-06 07:39]    0.0 seconds: /workspaces/ComfyUI/custom_nodes/stability-ComfyUI-nodes
[2024-03-06 07:39]    0.0 seconds: /workspaces/ComfyUI/custom_nodes/ComfyUI-Image-Selector
[2024-03-06 07:39]    0.0 seconds: /workspaces/ComfyUI/custom_nodes/ComfyUI_experiments
[2024-03-06 07:39]    0.1 seconds: /workspaces/ComfyUI/custom_nodes/masquerade-nodes-comfyui
[2024-03-06 07:39]    0.1 seconds: /workspaces/ComfyUI/custom_nodes/ComfyUI_IPAdapter_plus
[2024-03-06 07:39]    0.1 seconds: /workspaces/ComfyUI/custom_nodes/ComfyUI-Manager
[2024-03-06 07:39]    0.1 seconds: /workspaces/ComfyUI/custom_nodes/ComfyUI_essentials
[2024-03-06 07:39]    0.1 seconds: /workspaces/ComfyUI/custom_nodes/comfyui-prompt-reader-node
[2024-03-06 07:39]    0.1 seconds: /workspaces/ComfyUI/custom_nodes/ComfyUI_Comfyroll_CustomNodes
[2024-03-06 07:39]    0.1 seconds: /workspaces/ComfyUI/custom_nodes/failfast-comfyui-extensions
[2024-03-06 07:39]    0.1 seconds: /workspaces/ComfyUI/custom_nodes/rgthree-comfy
[2024-03-06 07:39]    0.1 seconds (IMPORT FAILED): /workspaces/ComfyUI/custom_nodes/NodeGPT
[2024-03-06 07:39]    0.1 seconds: /workspaces/ComfyUI/custom_nodes/comfyui_maro_pack
[2024-03-06 07:39]    0.2 seconds: /workspaces/ComfyUI/custom_nodes/ComfyUI-Inspire-Pack
[2024-03-06 07:39]    0.2 seconds: /workspaces/ComfyUI/custom_nodes/ComfyUI-OpenPose-Editor
[2024-03-06 07:39]    0.2 seconds: /workspaces/ComfyUI/custom_nodes/efficiency-nodes-comfyui
[2024-03-06 07:39]    0.3 seconds: /workspaces/ComfyUI/custom_nodes/wlsh_nodes
[2024-03-06 07:39]    0.3 seconds: /workspaces/ComfyUI/custom_nodes/ComfyUI_tinyterraNodes
[2024-03-06 07:39]    0.3 seconds: /workspaces/ComfyUI/custom_nodes/facerestore_cf
[2024-03-06 07:39]    1.1 seconds: /workspaces/ComfyUI/custom_nodes/comfyui_controlnet_aux
[2024-03-06 07:39]    1.2 seconds: /workspaces/ComfyUI/custom_nodes/was-node-suite-comfyui
[2024-03-06 07:39]    7.0 seconds: /workspaces/ComfyUI/custom_nodes/ComfyUI-Allor
[2024-03-06 07:39]    7.2 seconds: /workspaces/ComfyUI/custom_nodes/comfyui_segment_anything
[2024-03-06 07:39]    9.7 seconds: /workspaces/ComfyUI/custom_nodes/ComfyUI-Impact-Pack
[2024-03-06 07:39] 
[2024-03-06 07:39] Starting server
[2024-03-06 07:39] 
[2024-03-06 07:39] To see the GUI go to: http://127.0.0.1:8188
[2024-03-06 07:54] FETCH DATA from: /workspaces/ComfyUI/custom_nodes/ComfyUI-Manager/extension-node-map.json
[2024-03-06 07:54] Error: OpenAI API key is invalid OpenAI features wont work for you
[2024-03-06 07:54] [33mQualityOfLifeSuit_Omar92:[0m:NSP ready
[2024-03-06 08:24] got prompt
[2024-03-06 08:24] [32m[rgthree] Using rgthree's optimized recursive execution.[0m
[2024-03-06 08:24] [32m[rgthree][0m First run patching recursive_output_delete_if_changed and recursive_will_execute.[0m
[2024-03-06 08:24] [33m[rgthree] Note: [0mIf execution seems broken due to forward ComfyUI changes, you can disable the optimization from rgthree settings in ComfyUI.[0m
[2024-03-06 08:24] (421, 600)
[2024-03-06 08:24] torch.Size([1, 3, 600, 421])
[2024-03-06 08:24] torch.Size([1, 600, 421, 3])
[2024-03-06 08:24] 
[2024-03-06 08:25] 0: 640x480 1 long_sleeved_outwear, 1 trousers, 102.6ms
[2024-03-06 08:25] Speed: 74.9ms preprocess, 102.6ms inference, 322.1ms postprocess per image at shape (1, 3, 640, 480)
[2024-03-06 08:25] Loads SAM model: /workspaces/ComfyUI/models/sams/sam_vit_b_01ec64.pth (device:Prefer GPU)
[2024-03-06 08:25] final text_encoder_type: bert-base-uncased
[2024-03-06 08:25] /workspaces/ComfyUI/.venv/lib/python3.10/site-packages/transformers/modeling_utils.py:993: FutureWarning: The `device` argument is deprecated and will be removed in v5 of Transformers.
  warnings.warn(
[2024-03-06 08:25] (427, 600)
[2024-03-06 08:25] torch.Size([1, 3, 600, 427])
[2024-03-06 08:25] torch.Size([1, 600, 427, 3])
[2024-03-06 08:25] (417, 600)
[2024-03-06 08:25] torch.Size([1, 3, 600, 417])
[2024-03-06 08:25] torch.Size([1, 600, 417, 3])
[2024-03-06 08:25] (420, 600)
[2024-03-06 08:25] torch.Size([1, 3, 600, 420])
[2024-03-06 08:25] torch.Size([1, 600, 420, 3])
[2024-03-06 08:25] Some weights of BeitModel were not initialized from the model checkpoint at microsoft/beit-base-patch16-224-pt22k and are newly initialized: ['beit.pooler.layernorm.bias', 'beit.pooler.layernorm.weight']
You should probably TRAIN this model on a down-stream task to be able to use it for predictions and inference.
[2024-03-06 08:25] Could not find image processor class in the image processor config or the model config. Loading based on pattern matching with the model's feature extractor configuration. Please open a PR/issue to update `preprocessor_config.json` to use `image_processor_type` instead of `feature_extractor_type`. This warning will be removed in v4.40.
[2024-03-06 08:25] It looks like you are trying to rescale already rescaled images. If the input images have pixel values between 0 and 1, set `do_rescale=False` to avoid rescaling them again.
[2024-03-06 08:25] (480, 600)
[2024-03-06 08:25] torch.Size([1, 3, 600, 480])
[2024-03-06 08:25] torch.Size([1, 600, 480, 3])
[2024-03-06 08:25] Some weights of BeitModel were not initialized from the model checkpoint at microsoft/beit-base-patch16-224-pt22k and are newly initialized: ['beit.pooler.layernorm.bias', 'beit.pooler.layernorm.weight']
You should probably TRAIN this model on a down-stream task to be able to use it for predictions and inference.
[2024-03-06 08:25] Could not find image processor class in the image processor config or the model config. Loading based on pattern matching with the model's feature extractor configuration. Please open a PR/issue to update `preprocessor_config.json` to use `image_processor_type` instead of `feature_extractor_type`. This warning will be removed in v4.40.
[2024-03-06 08:25] [96mMatrix: tensor([[0.0070],
        [0.0040],
        [0.0280]])[0m
[2024-03-06 08:25] [96mRow: 1[0m
[2024-03-06 08:25] [96mColumn: 0[0m
[2024-03-06 08:25] [96mMin Value: 0.00401585316285491[0m
[2024-03-06 08:25] [96mSelected: 2[0m
[2024-03-06 08:25] ImageSelector: selected: 1 images
[2024-03-06 08:26] model_type EPS
[2024-03-06 08:26] adm 0
[2024-03-06 08:26] Using pytorch attention in VAE
[2024-03-06 08:26] Working with z of shape (1, 4, 32, 32) = 4096 dimensions.
[2024-03-06 08:26] Using pytorch attention in VAE
[2024-03-06 08:26] missing {'cond_stage_model.clip_l.text_projection', 'cond_stage_model.clip_l.logit_scale'}
[2024-03-06 08:26] left over keys: dict_keys(['cond_stage_model.clip_l.transformer.text_model.embeddings.position_ids'])
[2024-03-06 08:26] Requested to load SD1ClipModel
[2024-03-06 08:26] Loading 1 new model
[2024-03-06 08:26] Requested to load AutoencoderKL
[2024-03-06 08:26] Loading 1 new model
[2024-03-06 08:26] Requested to load BaseModel
[2024-03-06 08:26] Loading 1 new model
[2024-03-06 08:28] 100%|██████████████████████████████████████████████████████████████████████████████████████████████████████████████████████████████████████████████████████████████████████████████████████████████████████████████████████████████████████████████████████████████| 20/20 [01:29<00:00,  4.39s/it]100%|██████████████████████████████████████████████████████████████████████████████████████████████████████████████████████████████████████████████████████████████████████████████████████████████████████████████████████████████████████████████████████████████| 20/20 [01:29<00:00,  4.49s/it]
[2024-03-06 08:28] Prompt executed in 228.19 seconds
[2024-03-06 09:22] got prompt
[2024-03-06 09:22] [32m[rgthree] Using rgthree's optimized recursive execution.[0m
[2024-03-06 09:22] /workspaces/ComfyUI/.venv/lib/python3.10/site-packages/transformers/modeling_utils.py:993: FutureWarning: The `device` argument is deprecated and will be removed in v5 of Transformers.
  warnings.warn(
[2024-03-06 09:22] Requested to load BaseModel
[2024-03-06 09:22] Loading 1 new model
[2024-03-06 09:40] 
Stopped server
